#
# There is insufficient memory for the Java Runtime Environment to continue.
# Native memory allocation (mmap) failed to map 87031808 bytes for committing reserved memory.
# Possible reasons:
#   The system is out of physical RAM or swap space
#   In 32 bit mode, the process size limit was hit
# Possible solutions:
#   Reduce memory load on the system
#   Increase physical memory or swap space
#   Check if swap backing store is full
#   Use 64 bit Java on a 64 bit OS
#   Decrease Java heap size (-Xmx/-Xms)
#   Decrease number of Java threads
#   Decrease Java thread stack sizes (-Xss)
#   Set larger code cache with -XX:ReservedCodeCacheSize=
# This output file may be truncated or incomplete.
#
#  Out of Memory Error (os_linux.cpp:2627), pid=19670, tid=0x00007f9098d5b700
#
# JRE version:  (8.0_101-b13) (build )
# Java VM: Java HotSpot(TM) 64-Bit Server VM (25.101-b13 mixed mode linux-amd64 compressed oops)
# Failed to write core dump. Core dumps have been disabled. To enable core dumping, try "ulimit -c unlimited" before starting Java again
#

---------------  T H R E A D  ---------------

Current thread (0x00007f9090008000):  JavaThread "Unknown thread" [_thread_in_vm, id=19675, stack(0x00007f9098c5b000,0x00007f9098d5c000)]

Stack: [0x00007f9098c5b000,0x00007f9098d5c000],  sp=0x00007f9098d5a3c0,  free space=1020k
Native frames: (J=compiled Java code, j=interpreted, Vv=VM code, C=native code)
V  [libjvm.so+0xac3f0a]  VMError::report_and_die()+0x2ba
V  [libjvm.so+0x4fbf9b]  report_vm_out_of_memory(char const*, int, unsigned long, VMErrorType, char const*)+0x8b
V  [libjvm.so+0x9222d3]  os::Linux::commit_memory_impl(char*, unsigned long, bool)+0x103
V  [libjvm.so+0x922829]  os::pd_commit_memory(char*, unsigned long, unsigned long, bool)+0x29
V  [libjvm.so+0x91cb2a]  os::commit_memory(char*, unsigned long, unsigned long, bool)+0x2a
V  [libjvm.so+0x991053]  PSVirtualSpace::expand_by(unsigned long)+0x53
V  [libjvm.so+0x992015]  PSYoungGen::initialize_virtual_space(ReservedSpace, unsigned long)+0x75
V  [libjvm.so+0x99297e]  PSYoungGen::initialize(ReservedSpace, unsigned long)+0x3e
V  [libjvm.so+0x2d87f5]  AdjoiningGenerations::AdjoiningGenerations(ReservedSpace, GenerationSizer*, unsigned long)+0x345
V  [libjvm.so+0x945686]  ParallelScavengeHeap::initialize()+0x1d6
V  [libjvm.so+0xa8c753]  Universe::initialize_heap()+0xf3
V  [libjvm.so+0xa8c99e]  universe_init()+0x3e
V  [libjvm.so+0x63bdf5]  init_globals()+0x65
V  [libjvm.so+0xa70bfe]  Threads::create_vm(JavaVMInitArgs*, bool*)+0x23e
V  [libjvm.so+0x6d08f4]  JNI_CreateJavaVM+0x74
C  [libjli.so+0x745e]  JavaMain+0x9e
C  [libpthread.so.0+0x8184]  start_thread+0xc4


---------------  P R O C E S S  ---------------

Java Threads: ( => current thread )

Other Threads:

=>0x00007f9090008000 (exited) JavaThread "Unknown thread" [_thread_in_vm, id=19675, stack(0x00007f9098c5b000,0x00007f9098d5c000)]

VM state:not at safepoint (not fully initialized)

VM Mutex/Monitor currently owned by a thread: None

GC Heap History (0 events):
No events

Deoptimization events (0 events):
No events

Internal exceptions (0 events):
No events

Events (0 events):
No events


Dynamic libraries:
00400000-00401000 r-xp 00000000 08:01 406357                             /usr/lib/jvm/java-8-oracle/bin/java
00600000-00601000 rw-p 00000000 08:01 406357                             /usr/lib/jvm/java-8-oracle/bin/java
02222000-02243000 rw-p 00000000 00:00 0                                  [heap]
6c6c00000-76cf00000 ---p 00000000 00:00 0 
772200000-7c0000000 ---p 00000000 00:00 0 
7f9081000000-7f9081270000 rwxp 00000000 00:00 0 
7f9081270000-7f9090000000 ---p 00000000 00:00 0 
7f9090000000-7f909002f000 rw-p 00000000 00:00 0 
7f909002f000-7f9094000000 ---p 00000000 00:00 0 
7f9095808000-7f9095a8f000 rw-p 00000000 00:00 0 
7f9095a8f000-7f9096259000 ---p 00000000 00:00 0 
7f9096259000-7f9096264000 rw-p 00000000 00:00 0 
7f9096264000-7f909661a000 ---p 00000000 00:00 0 
7f909661a000-7f9096634000 r-xp 00000000 08:01 407871                     /usr/lib/jvm/java-8-oracle/jre/lib/amd64/libzip.so
7f9096634000-7f9096834000 ---p 0001a000 08:01 407871                     /usr/lib/jvm/java-8-oracle/jre/lib/amd64/libzip.so
7f9096834000-7f9096835000 rw-p 0001a000 08:01 407871                     /usr/lib/jvm/java-8-oracle/jre/lib/amd64/libzip.so
7f9096835000-7f909685f000 r-xp 00000000 08:01 407866                     /usr/lib/jvm/java-8-oracle/jre/lib/amd64/libjava.so
7f909685f000-7f9096a5f000 ---p 0002a000 08:01 407866                     /usr/lib/jvm/java-8-oracle/jre/lib/amd64/libjava.so
7f9096a5f000-7f9096a61000 rw-p 0002a000 08:01 407866                     /usr/lib/jvm/java-8-oracle/jre/lib/amd64/libjava.so
7f9096a61000-7f9096a6e000 r-xp 00000000 08:01 407897                     /usr/lib/jvm/java-8-oracle/jre/lib/amd64/libverify.so
7f9096a6e000-7f9096c6e000 ---p 0000d000 08:01 407897                     /usr/lib/jvm/java-8-oracle/jre/lib/amd64/libverify.so
7f9096c6e000-7f9096c70000 rw-p 0000d000 08:01 407897                     /usr/lib/jvm/java-8-oracle/jre/lib/amd64/libverify.so
7f9096c70000-7f9096c77000 r-xp 00000000 08:01 1231892                    /lib/x86_64-linux-gnu/librt-2.19.so
7f9096c77000-7f9096e76000 ---p 00007000 08:01 1231892                    /lib/x86_64-linux-gnu/librt-2.19.so
7f9096e76000-7f9096e77000 r--p 00006000 08:01 1231892                    /lib/x86_64-linux-gnu/librt-2.19.so
7f9096e77000-7f9096e78000 rw-p 00007000 08:01 1231892                    /lib/x86_64-linux-gnu/librt-2.19.so
7f9096e78000-7f9096f7d000 r-xp 00000000 08:01 1185054                    /lib/x86_64-linux-gnu/libm-2.19.so
7f9096f7d000-7f909717c000 ---p 00105000 08:01 1185054                    /lib/x86_64-linux-gnu/libm-2.19.so
7f909717c000-7f909717d000 r--p 00104000 08:01 1185054                    /lib/x86_64-linux-gnu/libm-2.19.so
7f909717d000-7f909717e000 rw-p 00105000 08:01 1185054                    /lib/x86_64-linux-gnu/libm-2.19.so
7f909717e000-7f9097e49000 r-xp 00000000 08:01 407862                     /usr/lib/jvm/java-8-oracle/jre/lib/amd64/server/libjvm.so
7f9097e49000-7f9098048000 ---p 00ccb000 08:01 407862                     /usr/lib/jvm/java-8-oracle/jre/lib/amd64/server/libjvm.so
7f9098048000-7f9098121000 rw-p 00cca000 08:01 407862                     /usr/lib/jvm/java-8-oracle/jre/lib/amd64/server/libjvm.so
7f9098121000-7f909816c000 rw-p 00000000 00:00 0 
7f909816c000-7f9098326000 r-xp 00000000 08:01 1231893                    /lib/x86_64-linux-gnu/libc-2.19.so
7f9098326000-7f9098526000 ---p 001ba000 08:01 1231893                    /lib/x86_64-linux-gnu/libc-2.19.so
7f9098526000-7f909852a000 r--p 001ba000 08:01 1231893                    /lib/x86_64-linux-gnu/libc-2.19.so
7f909852a000-7f909852c000 rw-p 001be000 08:01 1231893                    /lib/x86_64-linux-gnu/libc-2.19.so
7f909852c000-7f9098531000 rw-p 00000000 00:00 0 
7f9098531000-7f9098534000 r-xp 00000000 08:01 1218156                    /lib/x86_64-linux-gnu/libdl-2.19.so
7f9098534000-7f9098733000 ---p 00003000 08:01 1218156                    /lib/x86_64-linux-gnu/libdl-2.19.so
7f9098733000-7f9098734000 r--p 00002000 08:01 1218156                    /lib/x86_64-linux-gnu/libdl-2.19.so
7f9098734000-7f9098735000 rw-p 00003000 08:01 1218156                    /lib/x86_64-linux-gnu/libdl-2.19.so
7f9098735000-7f909874a000 r-xp 00000000 08:01 407069                     /usr/lib/jvm/java-8-oracle/lib/amd64/jli/libjli.so
7f909874a000-7f909894a000 ---p 00015000 08:01 407069                     /usr/lib/jvm/java-8-oracle/lib/amd64/jli/libjli.so
7f909894a000-7f909894b000 rw-p 00015000 08:01 407069                     /usr/lib/jvm/java-8-oracle/lib/amd64/jli/libjli.so
7f909894b000-7f9098964000 r-xp 00000000 08:01 1231885                    /lib/x86_64-linux-gnu/libpthread-2.19.so
7f9098964000-7f9098b63000 ---p 00019000 08:01 1231885                    /lib/x86_64-linux-gnu/libpthread-2.19.so
7f9098b63000-7f9098b64000 r--p 00018000 08:01 1231885                    /lib/x86_64-linux-gnu/libpthread-2.19.so
7f9098b64000-7f9098b65000 rw-p 00019000 08:01 1231885                    /lib/x86_64-linux-gnu/libpthread-2.19.so
7f9098b65000-7f9098b69000 rw-p 00000000 00:00 0 
7f9098b69000-7f9098b8c000 r-xp 00000000 08:01 1231886                    /lib/x86_64-linux-gnu/ld-2.19.so
7f9098c26000-7f9098c5b000 r--s 00000000 08:01 789117                     /var/cache/nscd/passwd
7f9098c5b000-7f9098c5e000 ---p 00000000 00:00 0 
7f9098c5e000-7f9098d60000 rw-p 00000000 00:00 0                          [stack:19675]
7f9098d7c000-7f9098d7f000 rw-p 00000000 00:00 0 
7f9098d7f000-7f9098d87000 rw-s 00000000 08:01 1338393                    /tmp/hsperfdata_faycal/19670
7f9098d87000-7f9098d88000 rw-p 00000000 00:00 0 
7f9098d88000-7f9098d89000 r--p 00000000 00:00 0 
7f9098d89000-7f9098d8b000 rw-p 00000000 00:00 0 
7f9098d8b000-7f9098d8c000 r--p 00022000 08:01 1231886                    /lib/x86_64-linux-gnu/ld-2.19.so
7f9098d8c000-7f9098d8d000 rw-p 00023000 08:01 1231886                    /lib/x86_64-linux-gnu/ld-2.19.so
7f9098d8d000-7f9098d8e000 rw-p 00000000 00:00 0 
7ffd098da000-7ffd098fb000 rw-p 00000000 00:00 0                          [stack]
7ffd099d4000-7ffd099d6000 r--p 00000000 00:00 0                          [vvar]
7ffd099d6000-7ffd099d8000 r-xp 00000000 00:00 0                          [vdso]
ffffffffff600000-ffffffffff601000 r-xp 00000000 00:00 0                  [vsyscall]

VM Arguments:
jvm_args: -Dretrolambda.bytecodeVersion=50 -Dretrolambda.classpathFile=/tmp/inc-7427987578030201308.path -Dretrolambda.includedFiles=/home/faycal/AndroidStudioProjects/Tariki/app/build/retrolambda/devDebug/com/squalala/tariki/interactors/MapInteratorImpl$1.class -Dretrolambda.inputDir=/home/faycal/AndroidStudioProjects/Tariki/app/build/retrolambda/devDebug -Dretrolambda.outputDir=/home/faycal/AndroidStudioProjects/Tariki/app/build/intermediates/classes/dev/debug -Dfile.encoding=UTF-8 -Duser.country=FR -Duser.language=fr -Duser.variant 
java_command: net.orfjackal.retrolambda.Main
java_class_path (initial): /home/faycal/.gradle/caches/modules-2/files-2.1/net.orfjackal.retrolambda/retrolambda/2.1.0/6b764ee7bcfa99627f12d0b051f4640b5725178f/retrolambda-2.1.0.jar
Launcher Type: SUN_STANDARD

Environment Variables:
PATH=/usr/local/sbin:/usr/local/bin:/usr/sbin:/usr/bin:/sbin:/bin:/usr/games:/usr/local/games
USERNAME=faycal
LD_LIBRARY_PATH=/home/faycal/Documents/android-studio/bin:
SHELL=/bin/bash
DISPLAY=:0

Signal Handlers:
SIGSEGV: [libjvm.so+0xac4790], sa_mask[0]=11111111011111111101111111111110, sa_flags=SA_RESTART|SA_SIGINFO
SIGBUS: [libjvm.so+0xac4790], sa_mask[0]=11111111011111111101111111111110, sa_flags=SA_RESTART|SA_SIGINFO
SIGFPE: [libjvm.so+0x91f140], sa_mask[0]=11111111011111111101111111111110, sa_flags=SA_RESTART|SA_SIGINFO
SIGPIPE: [libjvm.so+0x91f140], sa_mask[0]=11111111011111111101111111111110, sa_flags=SA_RESTART|SA_SIGINFO
SIGXFSZ: [libjvm.so+0x91f140], sa_mask[0]=11111111011111111101111111111110, sa_flags=SA_RESTART|SA_SIGINFO
SIGILL: [libjvm.so+0x91f140], sa_mask[0]=11111111011111111101111111111110, sa_flags=SA_RESTART|SA_SIGINFO
SIGUSR1: SIG_DFL, sa_mask[0]=00000000000000000000000000000000, sa_flags=none
SIGUSR2: [libjvm.so+0x920770], sa_mask[0]=00100000000000000000000000000000, sa_flags=SA_RESTART|SA_SIGINFO
SIGHUP: SIG_DFL, sa_mask[0]=00000000000000000000000000000000, sa_flags=none
SIGINT: SIG_DFL, sa_mask[0]=00000000000000000000000000000000, sa_flags=none
SIGTERM: SIG_DFL, sa_mask[0]=00000000000000000000000000000000, sa_flags=none
SIGQUIT: SIG_DFL, sa_mask[0]=00000000000000000000000000000000, sa_flags=none


---------------  S Y S T E M  ---------------

OS:DISTRIB_ID=LinuxMint
DISTRIB_RELEASE=17.3
DISTRIB_CODENAME=rosa
DISTRIB_DESCRIPTION="Linux Mint 17.3 Rosa"

uname:Linux 3.19.0-32-generic #37~14.04.1-Ubuntu SMP Thu Oct 22 09:41:40 UTC 2015 x86_64
libc:glibc 2.19 NPTL 2.19 
rlimit: STACK 8192k, CORE 0k, NPROC 63681, NOFILE 4096, AS infinity
load average:1.97 1.14 1.09

/proc/meminfo:
MemTotal:       16334560 kB
MemFree:          135792 kB
MemAvailable:     110904 kB
Buffers:             992 kB
Cached:          4607832 kB
SwapCached:            0 kB
Active:         11589524 kB
Inactive:        4218588 kB
Active(anon):   11560044 kB
Inactive(anon):  4196868 kB
Active(file):      29480 kB
Inactive(file):    21720 kB
Unevictable:          32 kB
Mlocked:              32 kB
SwapTotal:             0 kB
SwapFree:              0 kB
Dirty:                36 kB
Writeback:             0 kB
AnonPages:      11200152 kB
Mapped:          2573336 kB
Shmem:           4557212 kB
Slab:             135216 kB
SReclaimable:      67968 kB
SUnreclaim:        67248 kB
KernelStack:       18224 kB
PageTables:       144424 kB
NFS_Unstable:          0 kB
Bounce:                0 kB
WritebackTmp:          0 kB
CommitLimit:     8167280 kB
Committed_AS:   27307904 kB
VmallocTotal:   34359738367 kB
VmallocUsed:      371808 kB
VmallocChunk:   34359275840 kB
HardwareCorrupted:     0 kB
AnonHugePages:   5087232 kB
CmaTotal:              0 kB
CmaFree:               0 kB
HugePages_Total:       0
HugePages_Free:        0
HugePages_Rsvd:        0
HugePages_Surp:        0
Hugepagesize:       2048 kB
DirectMap4k:      359876 kB
DirectMap2M:    16318464 kB


CPU:total 4 (2 cores per cpu, 2 threads per core) family 6 model 58 stepping 9, cmov, cx8, fxsr, mmx, sse, sse2, sse3, ssse3, sse4.1, sse4.2, popcnt, avx, aes, clmul, erms, ht, tsc, tscinvbit, tscinv

/proc/cpuinfo:
processor	: 0
vendor_id	: GenuineIntel
cpu family	: 6
model		: 58
model name	: Intel(R) Core(TM) i5-3437U CPU @ 1.90GHz
stepping	: 9
microcode	: 0x19
cpu MHz		: 2700.000
cache size	: 3072 KB
physical id	: 0
siblings	: 4
core id		: 0
cpu cores	: 2
apicid		: 0
initial apicid	: 0
fpu		: yes
fpu_exception	: yes
cpuid level	: 13
wp		: yes
flags		: fpu vme de pse tsc msr pae mce cx8 apic sep mtrr pge mca cmov pat pse36 clflush dts acpi mmx fxsr sse sse2 ss ht tm pbe syscall nx rdtscp lm constant_tsc arch_perfmon pebs bts rep_good nopl xtopology nonstop_tsc aperfmperf eagerfpu pni pclmulqdq dtes64 monitor ds_cpl vmx smx est tm2 ssse3 cx16 xtpr pdcm pcid sse4_1 sse4_2 x2apic popcnt tsc_deadline_timer aes xsave avx f16c rdrand lahf_lm ida arat epb pln pts dtherm tpr_shadow vnmi flexpriority ept vpid fsgsbase smep erms xsaveopt
bugs		:
bogomips	: 4784.49
clflush size	: 64
cache_alignment	: 64
address sizes	: 36 bits physical, 48 bits virtual
power management:

processor	: 1
vendor_id	: GenuineIntel
cpu family	: 6
model		: 58
model name	: Intel(R) Core(TM) i5-3437U CPU @ 1.90GHz
stepping	: 9
microcode	: 0x19
cpu MHz		: 2700.000
cache size	: 3072 KB
physical id	: 0
siblings	: 4
core id		: 1
cpu cores	: 2
apicid		: 2
initial apicid	: 2
fpu		: yes
fpu_exception	: yes
cpuid level	: 13
wp		: yes
flags		: fpu vme de pse tsc msr pae mce cx8 apic sep mtrr pge mca cmov pat pse36 clflush dts acpi mmx fxsr sse sse2 ss ht tm pbe syscall nx rdtscp lm constant_tsc arch_perfmon pebs bts rep_good nopl xtopology nonstop_tsc aperfmperf eagerfpu pni pclmulqdq dtes64 monitor ds_cpl vmx smx est tm2 ssse3 cx16 xtpr pdcm pcid sse4_1 sse4_2 x2apic popcnt tsc_deadline_timer aes xsave avx f16c rdrand lahf_lm ida arat epb pln pts dtherm tpr_shadow vnmi flexpriority ept vpid fsgsbase smep erms xsaveopt
bugs		:
bogomips	: 4784.49
clflush size	: 64
cache_alignment	: 64
address sizes	: 36 bits physical, 48 bits virtual
power management:

processor	: 2
vendor_id	: GenuineIntel
cpu family	: 6
model		: 58
model name	: Intel(R) Core(TM) i5-3437U CPU @ 1.90GHz
stepping	: 9
microcode	: 0x19
cpu MHz		: 2699.906
cache size	: 3072 KB
physical id	: 0
siblings	: 4
core id		: 0
cpu cores	: 2
apicid		: 1
initial apicid	: 1
fpu		: yes
fpu_exception	: yes
cpuid level	: 13
wp		: yes
flags		: fpu vme de pse tsc msr pae mce cx8 apic sep mtrr pge mca cmov pat pse36 clflush dts acpi mmx fxsr sse sse2 ss ht tm pbe syscall nx rdtscp lm constant_tsc arch_perfmon pebs bts rep_good nopl xtopology nonstop_tsc aperfmperf eagerfpu pni pclmulqdq dtes64 monitor ds_cpl vmx smx est tm2 ssse3 cx16 xtpr pdcm pcid sse4_1 sse4_2 x2apic popcnt tsc_deadline_timer aes xsave avx f16c rdrand lahf_lm ida arat epb pln pts dtherm tpr_shadow vnmi flexpriority ept vpid fsgsbase smep erms xsaveopt
bugs		:
bogomips	: 4784.49
clflush size	: 64
cache_alignment	: 64
address sizes	: 36 bits physical, 48 bits virtual
power management:

processor	: 3
vendor_id	: GenuineIntel
cpu family	: 6
model		: 58
model name	: Intel(R) Core(TM) i5-3437U CPU @ 1.90GHz
stepping	: 9
microcode	: 0x19
cpu MHz		: 2742.281
cache size	: 3072 KB
physical id	: 0
siblings	: 4
core id		: 1
cpu cores	: 2
apicid		: 3
initial apicid	: 3
fpu		: yes
fpu_exception	: yes
cpuid level	: 13
wp		: yes
flags		: fpu vme de pse tsc msr pae mce cx8 apic sep mtrr pge mca cmov pat pse36 clflush dts acpi mmx fxsr sse sse2 ss ht tm pbe syscall nx rdtscp lm constant_tsc arch_perfmon pebs bts rep_good nopl xtopology nonstop_tsc aperfmperf eagerfpu pni pclmulqdq dtes64 monitor ds_cpl vmx smx est tm2 ssse3 cx16 xtpr pdcm pcid sse4_1 sse4_2 x2apic popcnt tsc_deadline_timer aes xsave avx f16c rdrand lahf_lm ida arat epb pln pts dtherm tpr_shadow vnmi flexpriority ept vpid fsgsbase smep erms xsaveopt
bugs		:
bogomips	: 4784.49
clflush size	: 64
cache_alignment	: 64
address sizes	: 36 bits physical, 48 bits virtual
power management:



Memory: 4k page, physical 16334560k(135792k free), swap 0k(0k free)

vm_info: Java HotSpot(TM) 64-Bit Server VM (25.101-b13) for linux-amd64 JRE (1.8.0_101-b13), built on Jun 22 2016 02:59:44 by "java_re" with gcc 4.3.0 20080428 (Red Hat 4.3.0-8)

time: Sun Aug 14 16:13:52 2016
elapsed time: 0 seconds (0d 0h 0m 0s)

